# JRE version: OpenJDK Runtime Environment Temurin-17.0.17+10 (17.0.17+10) (build 17.0.17+10)
# Java VM: OpenJDK 64-Bit Server VM Temurin-17.0.17+10 (17.0.17+10, mixed mode, sharing, tiered, compressed oops, compressed class ptrs, g1 gc, windows-amd64)
GC Precious Log:
 CPUs: 4 total, 4 available
 Memory: 12172M
 Large Page Support: Disabled
 NUMA Support: Disabled
 Compressed Oops: Enabled (32-bit)
 Heap Region Size: 1M
 Heap Min Capacity: 8M
 Heap Initial Capacity: 192M
 Heap Max Capacity: 1536M
 Pre-touch: Disabled
 Parallel Workers: 4
 Concurrent Workers: 1
 Concurrent Refinement Workers: 4
 Periodic GC: Disabled
Heap:
 garbage-first heap   total 89088K, used 37740K [0x00000000a0000000, 0x0000000100000000)
  region size 1024K, 10 young (10240K), 3 survivors (3072K)
 Metaspace       used 32715K, committed 33152K, reserved 1114112K
  class space    used 4587K, committed 4736K, reserved 1048576K
GC Heap History (14 events):
Event: 2.191 GC heap before
{Heap before GC invocations=0 (full 0):
 garbage-first heap   total 196608K, used 12288K [0x00000000a0000000, 0x0000000100000000)
  region size 1024K, 13 young (13312K), 0 survivors (0K)
 Metaspace       used 773K, committed 896K, reserved 1114112K
  class space    used 62K, committed 128K, reserved 1048576K
}
Event: 2.208 GC heap after
{Heap after GC invocations=1 (full 0):
 garbage-first heap   total 196608K, used 1236K [0x00000000a0000000, 0x0000000100000000)
  region size 1024K, 2 young (2048K), 2 survivors (2048K)
 Metaspace       used 773K, committed 896K, reserved 1114112K
  class space    used 62K, committed 128K, reserved 1048576K
}
Event: 5.733 GC heap before
{Heap before GC invocations=1 (full 0):
 garbage-first heap   total 196608K, used 22740K [0x00000000a0000000, 0x0000000100000000)
  region size 1024K, 21 young (21504K), 2 survivors (2048K)
 Metaspace       used 2344K, committed 2496K, reserved 1114112K
  class space    used 255K, committed 320K, reserved 1048576K
}
Event: 5.739 GC heap after
{Heap after GC invocations=2 (full 0):
 garbage-first heap   total 196608K, used 9670K [0x00000000a0000000, 0x0000000100000000)
  region size 1024K, 3 young (3072K), 3 survivors (3072K)
 Metaspace       used 2344K, committed 2496K, reserved 1114112K
  class space    used 255K, committed 320K, reserved 1048576K
}
Event: 27.916 GC heap before
{Heap before GC invocations=2 (full 0):
 garbage-first heap   total 196608K, used 126406K [0x00000000a0000000, 0x0000000100000000)
  region size 1024K, 115 young (117760K), 3 survivors (3072K)
 Metaspace       used 13536K, committed 13824K, reserved 1114112K
  class space    used 1852K, committed 1984K, reserved 1048576K
}
Event: 27.942 GC heap after
{Heap after GC invocations=3 (full 0):
 garbage-first heap   total 196608K, used 20107K [0x00000000a0000000, 0x0000000100000000)
  region size 1024K, 13 young (13312K), 13 survivors (13312K)
 Metaspace       used 13536K, committed 13824K, reserved 1114112K
  class space    used 1852K, committed 1984K, reserved 1048576K
}
Event: 33.967 GC heap before
{Heap before GC invocations=3 (full 0):
 garbage-first heap   total 196608K, used 82571K [0x00000000a0000000, 0x0000000100000000)
  region size 1024K, 75 young (76800K), 13 survivors (13312K)
 Metaspace       used 21148K, committed 21504K, reserved 1114112K
  class space    used 3064K, committed 3264K, reserved 1048576K
}
Event: 33.988 GC heap after
{Heap after GC invocations=4 (full 0):
 garbage-first heap   total 196608K, used 24130K [0x00000000a0000000, 0x0000000100000000)
  region size 1024K, 5 young (5120K), 5 survivors (5120K)
 Metaspace       used 21148K, committed 21504K, reserved 1114112K
  class space    used 3064K, committed 3264K, reserved 1048576K
}
Event: 40.226 GC heap before
{Heap before GC invocations=5 (full 0):
 garbage-first heap   total 89088K, used 71234K [0x00000000a0000000, 0x0000000100000000)
  region size 1024K, 52 young (53248K), 5 survivors (5120K)
 Metaspace       used 29307K, committed 29760K, reserved 1114112K
  class space    used 4081K, committed 4288K, reserved 1048576K
}
Event: 40.244 GC heap after
{Heap after GC invocations=6 (full 0):
 garbage-first heap   total 89088K, used 28155K [0x00000000a0000000, 0x0000000100000000)
  region size 1024K, 7 young (7168K), 7 survivors (7168K)
 Metaspace       used 29307K, committed 29760K, reserved 1114112K
  class space    used 4081K, committed 4288K, reserved 1048576K
}
Event: 40.534 GC heap before
{Heap before GC invocations=6 (full 0):
 garbage-first heap   total 89088K, used 29179K [0x00000000a0000000, 0x0000000100000000)
  region size 1024K, 8 young (8192K), 7 survivors (7168K)
 Metaspace       used 29418K, committed 29824K, reserved 1114112K
  class space    used 4092K, committed 4288K, reserved 1048576K
}
Event: 40.549 GC heap after
{Heap after GC invocations=7 (full 0):
 garbage-first heap   total 89088K, used 29564K [0x00000000a0000000, 0x0000000100000000)
  region size 1024K, 1 young (1024K), 1 survivors (1024K)
 Metaspace       used 29418K, committed 29824K, reserved 1114112K
  class space    used 4092K, committed 4288K, reserved 1048576K
}
Event: 43.146 GC heap before
{Heap before GC invocations=7 (full 0):
 garbage-first heap   total 89088K, used 66428K [0x00000000a0000000, 0x0000000100000000)
  region size 1024K, 37 young (37888K), 1 survivors (1024K)
 Metaspace       used 32167K, committed 32576K, reserved 1114112K
  class space    used 4518K, committed 4672K, reserved 1048576K
}
Event: 43.154 GC heap after
{Heap after GC invocations=8 (full 0):
 garbage-first heap   total 89088K, used 31596K [0x00000000a0000000, 0x0000000100000000)
  region size 1024K, 3 young (3072K), 3 survivors (3072K)
 Metaspace       used 32167K, committed 32576K, reserved 1114112K
  class space    used 4518K, committed 4672K, reserved 1048576K
}

